Starting fold 0 ...
Starting 1 epoch...
Epoch 2 - avg_train_loss: 0.09744  avg_val_loss: 0.09006  time: 60s
Epoch 2 - train_rmse:0.88764  valid_rmse:0.89479
>>>>>>>> Model Improved From 999 ----> 0.8947891299253115
Starting 2 epoch...
Epoch 3 - avg_train_loss: 0.08791  avg_val_loss: 0.08775  time: 59s
Epoch 3 - train_rmse:0.89620  valid_rmse:0.89609
Starting 3 epoch...
Starting fold 0 ...
Starting 1 epoch...
Starting fold 0 ...
Starting 1 epoch...
Epoch 2 - avg_train_loss: 0.10538  avg_val_loss: 0.09258  time: 25s
Epoch 2 - train_score:0.88043  valid_score:0.89172
>>>>>>>> Model Improved From -inf ----> 0.8917150647382062
Starting 2 epoch...
Epoch 3 - avg_train_loss: 0.09024  avg_val_loss: 0.08884  time: 24s
Epoch 3 - train_score:0.89375  valid_score:0.89290
>>>>>>>> Model Improved From 0.8917150647382062 ----> 0.8928996365242057
Starting 3 epoch...
Epoch 4 - avg_train_loss: 0.08651  avg_val_loss: 0.08664  time: 24s
Epoch 4 - train_score:0.89759  valid_score:0.90064
>>>>>>>> Model Improved From 0.8928996365242057 ----> 0.9006401270517055
Starting 4 epoch...
Epoch 5 - avg_train_loss: 0.08390  avg_val_loss: 0.08481  time: 24s
Epoch 5 - train_score:0.90048  valid_score:0.90058
Starting 5 epoch...
Epoch 6 - avg_train_loss: 0.08207  avg_val_loss: 0.08468  time: 25s
Epoch 6 - train_score:0.90257  valid_score:0.90003
Starting 6 epoch...
Epoch 7 - avg_train_loss: 0.08028  avg_val_loss: 0.08302  time: 24s
Epoch 7 - train_score:0.90466  valid_score:0.90395
>>>>>>>> Model Improved From 0.9006401270517055 ----> 0.9039459872525885
Starting 7 epoch...
Epoch 8 - avg_train_loss: 0.07890  avg_val_loss: 0.08221  time: 25s
Epoch 8 - train_score:0.90632  valid_score:0.90497
>>>>>>>> Model Improved From 0.9039459872525885 ----> 0.9049743893818947
Starting 8 epoch...
Epoch 9 - avg_train_loss: 0.07771  avg_val_loss: 0.08184  time: 24s
Epoch 9 - train_score:0.90767  valid_score:0.90340
Starting 9 epoch...
Epoch 10 - avg_train_loss: 0.07653  avg_val_loss: 0.08188  time: 25s
Epoch 10 - train_score:0.90908  valid_score:0.90290
Starting 10 epoch...
Starting fold 0 ...
Starting fold 0 ...
Starting 1 epoch...
Epoch 2 - avg_train_loss: 0.10538  avg_val_loss: 0.09258  time: 25s
Epoch 2 - train_score:0.87641  valid_score:0.88866
>>>>>>>> Model Improved From -inf ----> 0.8886644568745252
Starting 2 epoch...
Epoch 3 - avg_train_loss: 0.09024  avg_val_loss: 0.08884  time: 25s
Epoch 3 - train_score:0.89063  valid_score:0.88935
>>>>>>>> Model Improved From 0.8886644568745252 ----> 0.8893503375427513
Starting 3 epoch...
Epoch 4 - avg_train_loss: 0.08651  avg_val_loss: 0.08664  time: 25s
Epoch 4 - train_score:0.89449  valid_score:0.89857
>>>>>>>> Model Improved From 0.8893503375427513 ----> 0.8985696845059475
Starting 4 epoch...
Epoch 5 - avg_train_loss: 0.08390  avg_val_loss: 0.08481  time: 25s
Epoch 5 - train_score:0.89761  valid_score:0.89760
Starting 5 epoch...
Epoch 6 - avg_train_loss: 0.08207  avg_val_loss: 0.08468  time: 25s
Epoch 6 - train_score:0.89962  valid_score:0.89715
Starting 6 epoch...
Epoch 7 - avg_train_loss: 0.08028  avg_val_loss: 0.08302  time: 25s
Epoch 7 - train_score:0.90159  valid_score:0.90207
>>>>>>>> Model Improved From 0.8985696845059475 ----> 0.9020685279403109
Starting 7 epoch...
Epoch 8 - avg_train_loss: 0.07890  avg_val_loss: 0.08221  time: 26s
Epoch 8 - train_score:0.90341  valid_score:0.90323
>>>>>>>> Model Improved From 0.9020685279403109 ----> 0.9032262977406356
Starting 8 epoch...
Epoch 9 - avg_train_loss: 0.07771  avg_val_loss: 0.08184  time: 25s
Epoch 9 - train_score:0.90475  valid_score:0.90056
Starting 9 epoch...
Epoch 10 - avg_train_loss: 0.07653  avg_val_loss: 0.08188  time: 25s
Epoch 10 - train_score:0.90614  valid_score:0.90006
Starting 10 epoch...
Epoch 11 - avg_train_loss: 0.07583  avg_val_loss: 0.08098  time: 25s
Epoch 11 - train_score:0.90720  valid_score:0.90321
Starting 11 epoch...
Epoch 12 - avg_train_loss: 0.07490  avg_val_loss: 0.08068  time: 26s
Epoch 12 - train_score:0.90805  valid_score:0.90154
Starting 12 epoch...
Epoch 13 - avg_train_loss: 0.07431  avg_val_loss: 0.08046  time: 25s
Epoch 13 - train_score:0.90876  valid_score:0.90353
>>>>>>>> Model Improved From 0.9032262977406356 ----> 0.9035318655575696
Starting 13 epoch...
Epoch 14 - avg_train_loss: 0.07366  avg_val_loss: 0.08079  time: 25s
Epoch 14 - train_score:0.90989  valid_score:0.90262
Starting 14 epoch...
Epoch 15 - avg_train_loss: 0.07311  avg_val_loss: 0.08107  time: 25s
Epoch 15 - train_score:0.91044  valid_score:0.90242
Starting 15 epoch...
Epoch 16 - avg_train_loss: 0.07240  avg_val_loss: 0.08067  time: 25s
Epoch 16 - train_score:0.91141  valid_score:0.90483
>>>>>>>> Model Improved From 0.9035318655575696 ----> 0.9048303542496677
Starting fold 1 ...
Starting 1 epoch...
Epoch 2 - avg_train_loss: 0.10563  avg_val_loss: 0.09305  time: 26s
Epoch 2 - train_score:0.87597  valid_score:0.88997
>>>>>>>> Model Improved From -inf ----> 0.889970718429518
Starting 2 epoch...
Epoch 3 - avg_train_loss: 0.08987  avg_val_loss: 0.08988  time: 25s
Epoch 3 - train_score:0.89121  valid_score:0.89550
>>>>>>>> Model Improved From 0.889970718429518 ----> 0.8954957171766882
Starting 3 epoch...
Epoch 4 - avg_train_loss: 0.08615  avg_val_loss: 0.08628  time: 25s
Epoch 4 - train_score:0.89480  valid_score:0.89505
Starting 4 epoch...
Epoch 5 - avg_train_loss: 0.08366  avg_val_loss: 0.08528  time: 25s
Epoch 5 - train_score:0.89747  valid_score:0.89606
>>>>>>>> Model Improved From 0.8954957171766882 ----> 0.8960553847743535
Starting 5 epoch...
Epoch 6 - avg_train_loss: 0.08194  avg_val_loss: 0.08429  time: 25s
Epoch 6 - train_score:0.89964  valid_score:0.90034
>>>>>>>> Model Improved From 0.8960553847743535 ----> 0.9003414037528896
Starting 6 epoch...
Epoch 7 - avg_train_loss: 0.08015  avg_val_loss: 0.08383  time: 25s
Epoch 7 - train_score:0.90143  valid_score:0.89636
Starting 7 epoch...
Epoch 8 - avg_train_loss: 0.07855  avg_val_loss: 0.08285  time: 26s
Epoch 8 - train_score:0.90331  valid_score:0.90087
>>>>>>>> Model Improved From 0.9003414037528896 ----> 0.9008700701008393
Starting 8 epoch...
Epoch 9 - avg_train_loss: 0.07756  avg_val_loss: 0.08354  time: 26s
Epoch 9 - train_score:0.90459  valid_score:0.90064
Starting 9 epoch...
Epoch 10 - avg_train_loss: 0.07637  avg_val_loss: 0.08455  time: 26s
Epoch 10 - train_score:0.90603  valid_score:0.90045
Starting 10 epoch...
Epoch 11 - avg_train_loss: 0.07559  avg_val_loss: 0.08406  time: 25s
Epoch 11 - train_score:0.90704  valid_score:0.90456
>>>>>>>> Model Improved From 0.9008700701008393 ----> 0.9045573186185171
Starting 11 epoch...
Epoch 12 - avg_train_loss: 0.07482  avg_val_loss: 0.08199  time: 25s
Epoch 12 - train_score:0.90815  valid_score:0.90288
Starting 12 epoch...
Epoch 13 - avg_train_loss: 0.07413  avg_val_loss: 0.08336  time: 25s
Epoch 13 - train_score:0.90896  valid_score:0.89944
Starting 13 epoch...
Epoch 14 - avg_train_loss: 0.07351  avg_val_loss: 0.08289  time: 25s
Epoch 14 - train_score:0.90976  valid_score:0.90311
Starting 14 epoch...
Epoch 15 - avg_train_loss: 0.07288  avg_val_loss: 0.08178  time: 25s
Epoch 15 - train_score:0.91062  valid_score:0.90416
Starting 15 epoch...
Epoch 16 - avg_train_loss: 0.07225  avg_val_loss: 0.08232  time: 25s
Epoch 16 - train_score:0.91128  valid_score:0.90441
Early Stopping
Starting fold 2 ...
Starting 1 epoch...
Epoch 2 - avg_train_loss: 0.10647  avg_val_loss: 0.09332  time: 25s
Epoch 2 - train_score:0.87531  valid_score:0.88759
>>>>>>>> Model Improved From -inf ----> 0.8875858863768347
Starting 2 epoch...
Epoch 3 - avg_train_loss: 0.08999  avg_val_loss: 0.08936  time: 25s
Epoch 3 - train_score:0.89112  valid_score:0.89212
>>>>>>>> Model Improved From 0.8875858863768347 ----> 0.8921203071562015
Starting 3 epoch...
Epoch 4 - avg_train_loss: 0.08635  avg_val_loss: 0.08660  time: 25s
Epoch 4 - train_score:0.89489  valid_score:0.89445
>>>>>>>> Model Improved From 0.8921203071562015 ----> 0.8944525224455079
Starting 4 epoch...
Epoch 5 - avg_train_loss: 0.08361  avg_val_loss: 0.08604  time: 25s
Epoch 5 - train_score:0.89776  valid_score:0.89729
>>>>>>>> Model Improved From 0.8944525224455079 ----> 0.8972904119309074
Starting 5 epoch...
Epoch 6 - avg_train_loss: 0.08185  avg_val_loss: 0.08440  time: 26s
Epoch 6 - train_score:0.89983  valid_score:0.89810
>>>>>>>> Model Improved From 0.8972904119309074 ----> 0.8981001815832933
Starting 6 epoch...
Epoch 7 - avg_train_loss: 0.08010  avg_val_loss: 0.08337  time: 25s
Epoch 7 - train_score:0.90164  valid_score:0.89799
Starting 7 epoch...
Epoch 8 - avg_train_loss: 0.07877  avg_val_loss: 0.08476  time: 25s
Epoch 8 - train_score:0.90328  valid_score:0.89726
Starting 8 epoch...
Epoch 9 - avg_train_loss: 0.07763  avg_val_loss: 0.08296  time: 25s
Epoch 9 - train_score:0.90453  valid_score:0.90075
>>>>>>>> Model Improved From 0.8981001815832933 ----> 0.9007476439451244
Starting 9 epoch...
Epoch 10 - avg_train_loss: 0.07662  avg_val_loss: 0.08299  time: 26s
Epoch 10 - train_score:0.90599  valid_score:0.90516
>>>>>>>> Model Improved From 0.9007476439451244 ----> 0.9051592749490425
Starting 10 epoch...
Epoch 11 - avg_train_loss: 0.07575  avg_val_loss: 0.08298  time: 25s
Epoch 11 - train_score:0.90708  valid_score:0.90326
Starting 11 epoch...
Epoch 12 - avg_train_loss: 0.07490  avg_val_loss: 0.08179  time: 26s
Epoch 12 - train_score:0.90807  valid_score:0.90212
Starting 12 epoch...
Epoch 13 - avg_train_loss: 0.07418  avg_val_loss: 0.08181  time: 25s
Epoch 13 - train_score:0.90891  valid_score:0.90131
Starting 13 epoch...
Epoch 14 - avg_train_loss: 0.07351  avg_val_loss: 0.08150  time: 25s
Epoch 14 - train_score:0.90977  valid_score:0.90310
Starting 14 epoch...
Epoch 15 - avg_train_loss: 0.07289  avg_val_loss: 0.08163  time: 25s
Epoch 15 - train_score:0.91051  valid_score:0.90283
Early Stopping
Starting fold 3 ...
Starting 1 epoch...
Epoch 2 - avg_train_loss: 0.10148  avg_val_loss: 0.00000  time: 28s
Epoch 2 - train_score:0.87972  valid_score:0.00000
>>>>>>>> Model Improved From -inf ----> 0.0
Starting 2 epoch...
Epoch 3 - avg_train_loss: 0.08770  avg_val_loss: 0.00000  time: 28s
Epoch 3 - train_score:0.89352  valid_score:0.00000
Starting 3 epoch...
Epoch 4 - avg_train_loss: 0.08411  avg_val_loss: 0.00000  time: 28s
Epoch 4 - train_score:0.89741  valid_score:0.00000
Starting 4 epoch...
Epoch 5 - avg_train_loss: 0.08164  avg_val_loss: 0.00000  time: 28s
Epoch 5 - train_score:0.90030  valid_score:0.00000
Starting 5 epoch...
Epoch 6 - avg_train_loss: 0.07981  avg_val_loss: 0.00000  time: 28s
Epoch 6 - train_score:0.90220  valid_score:0.00000
Starting 6 epoch...
Epoch 7 - avg_train_loss: 0.07844  avg_val_loss: 0.00000  time: 29s
Epoch 7 - train_score:0.90392  valid_score:0.00000
Early Stopping
Starting fold 4 ...
Starting 1 epoch...
Epoch 2 - avg_train_loss: 0.10097  avg_val_loss: 0.00000  time: 28s
Epoch 2 - train_score:0.88068  valid_score:0.00000
>>>>>>>> Model Improved From -inf ----> 0.0
Starting 2 epoch...
Epoch 3 - avg_train_loss: 0.08761  avg_val_loss: 0.00000  time: 28s
Epoch 3 - train_score:0.89376  valid_score:0.00000
Starting 3 epoch...
Epoch 4 - avg_train_loss: 0.08419  avg_val_loss: 0.00000  time: 28s
Epoch 4 - train_score:0.89753  valid_score:0.00000
Starting 4 epoch...
Epoch 5 - avg_train_loss: 0.08165  avg_val_loss: 0.00000  time: 29s
Epoch 5 - train_score:0.90023  valid_score:0.00000
Starting 5 epoch...
Epoch 6 - avg_train_loss: 0.08002  avg_val_loss: 0.00000  time: 28s
Epoch 6 - train_score:0.90217  valid_score:0.00000
Starting 6 epoch...
Epoch 7 - avg_train_loss: 0.07849  avg_val_loss: 0.00000  time: 28s
Epoch 7 - train_score:0.90397  valid_score:0.00000
Early Stopping
cv score 0.9048953122770912
CV: 0.650454
CV: 0.649780
CV: 0.797908
CV: 0.797908
