Starting fold 0 ...
Starting fold 0 ...
Starting fold 0 ...
Starting fold 0 ...
Starting fold 0 ...
Starting 1 epoch...
Starting fold 0 ...
Starting 1 epoch...
Starting fold 0 ...
Starting 1 epoch...
Epoch 1 - avg_train_loss: 0.40605  avg_val_loss: 0.52124  time: 1s
Epoch 1 - train_score:0.63448  valid_score:0.00000
>>>>>>>> Model Improved From -inf ----> 0.0
Starting 2 epoch...
Epoch 2 - avg_train_loss: 0.21813  avg_val_loss: 0.14553  time: 1s
Epoch 2 - train_score:0.76623  valid_score:0.81928
>>>>>>>> Model Improved From 0.0 ----> 0.819277108433735
Starting 3 epoch...
Epoch 3 - avg_train_loss: 0.14386  avg_val_loss: 0.14752  time: 1s
Epoch 3 - train_score:0.81988  valid_score:0.81928
Starting 4 epoch...
Epoch 4 - avg_train_loss: 0.14236  avg_val_loss: 0.14479  time: 1s
Epoch 4 - train_score:0.81988  valid_score:0.81928
Starting 5 epoch...
Epoch 5 - avg_train_loss: 0.13796  avg_val_loss: 0.14278  time: 1s
Epoch 5 - train_score:0.81988  valid_score:0.81928
Starting fold 1 ...
Starting fold 0 ...
Starting 1 epoch...
Epoch 1 - avg_train_loss: 0.18690  avg_val_loss: 0.18576  time: 7972s
Epoch 1 - train_score:0.75950  valid_score:0.75959
>>>>>>>> Model Improved From -inf ----> 0.7595924704523024
Starting 2 epoch...
Epoch 2 - avg_train_loss: 0.18651  avg_val_loss: 0.18648  time: 8112s
Epoch 2 - train_score:0.75950  valid_score:0.75959
Starting 3 epoch...
Starting fold 0 ...
Starting 1 epoch...
Epoch 1 - avg_train_loss: 0.51294  avg_val_loss: 0.35154  time: 7s
Epoch 1 - train_score:0.34850  valid_score:0.77925
>>>>>>>> Model Improved From -inf ----> 0.7792521109770807
Starting 2 epoch...
Epoch 2 - avg_train_loss: 0.25391  avg_val_loss: 0.24217  time: 7s
Epoch 2 - train_score:0.84095  valid_score:0.83544
>>>>>>>> Model Improved From 0.7792521109770807 ----> 0.8354430379746836
Starting 3 epoch...
Epoch 3 - avg_train_loss: 0.15242  avg_val_loss: 0.18376  time: 7s
Epoch 3 - train_score:0.86538  valid_score:0.85264
>>>>>>>> Model Improved From 0.8354430379746836 ----> 0.8526434195725535
Starting 4 epoch...
Epoch 4 - avg_train_loss: 0.11057  avg_val_loss: 0.15114  time: 7s
Epoch 4 - train_score:0.87911  valid_score:0.85489
>>>>>>>> Model Improved From 0.8526434195725535 ----> 0.8548931383577053
Starting 5 epoch...
Epoch 5 - avg_train_loss: 0.08736  avg_val_loss: 0.12866  time: 7s
Epoch 5 - train_score:0.89416  valid_score:0.86349
>>>>>>>> Model Improved From 0.8548931383577053 ----> 0.8634850166481687
Starting fold 1 ...
Starting 1 epoch...
Epoch 1 - avg_train_loss: 0.53803  avg_val_loss: 0.38744  time: 7s
Epoch 1 - train_score:0.38542  valid_score:0.73839
>>>>>>>> Model Improved From -inf ----> 0.7383863080684595
Starting 2 epoch...
Epoch 2 - avg_train_loss: 0.26104  avg_val_loss: 0.23490  time: 7s
Epoch 2 - train_score:0.85569  valid_score:0.83391
>>>>>>>> Model Improved From 0.7383863080684595 ----> 0.833906071019473
Starting 3 epoch...
Epoch 3 - avg_train_loss: 0.15800  avg_val_loss: 0.16835  time: 7s
Epoch 3 - train_score:0.86947  valid_score:0.84258
>>>>>>>> Model Improved From 0.833906071019473 ----> 0.8425821064552662
Starting 4 epoch...
Epoch 4 - avg_train_loss: 0.11318  avg_val_loss: 0.14564  time: 7s
Epoch 4 - train_score:0.88258  valid_score:0.84424
>>>>>>>> Model Improved From 0.8425821064552662 ----> 0.8442437923250565
Starting 5 epoch...
Epoch 5 - avg_train_loss: 0.09276  avg_val_loss: 0.13508  time: 7s
Epoch 5 - train_score:0.88803  valid_score:0.84807
>>>>>>>> Model Improved From 0.8442437923250565 ----> 0.8480725623582765
Starting fold 2 ...
Starting 1 epoch...
Epoch 1 - avg_train_loss: 0.51546  avg_val_loss: 0.32667  time: 7s
Epoch 1 - train_score:0.46068  valid_score:0.82864
>>>>>>>> Model Improved From -inf ----> 0.8286384976525821
Starting 2 epoch...
Epoch 2 - avg_train_loss: 0.25333  avg_val_loss: 0.27436  time: 7s
Epoch 2 - train_score:0.83525  valid_score:0.85519
>>>>>>>> Model Improved From 0.8286384976525821 ----> 0.855188141391106
Starting 3 epoch...
Epoch 3 - avg_train_loss: 0.15219  avg_val_loss: 0.17455  time: 7s
Epoch 3 - train_score:0.86116  valid_score:0.86898
>>>>>>>> Model Improved From 0.855188141391106 ----> 0.8689809630459127
Starting 4 epoch...
Epoch 4 - avg_train_loss: 0.11037  avg_val_loss: 0.14233  time: 7s
Epoch 4 - train_score:0.87437  valid_score:0.86996
>>>>>>>> Model Improved From 0.8689809630459127 ----> 0.8699551569506726
Starting 5 epoch...
Epoch 5 - avg_train_loss: 0.08760  avg_val_loss: 0.12026  time: 7s
Epoch 5 - train_score:0.88803  valid_score:0.87583
>>>>>>>> Model Improved From 0.8699551569506726 ----> 0.8758314855875831
0.8634850166481687
0.8471121177802944
0.8730512249443207
cv score 0.8612975391498883
IoU: 0.823936
Starting fold 0 ...
Starting 1 epoch...
Epoch 1 - avg_train_loss: 0.09950  avg_val_loss: 0.08708  time: 8051s
Epoch 1 - train_score:0.88010  valid_score:0.89147
>>>>>>>> Model Improved From -inf ----> 0.8914718420326306
Starting 2 epoch...
Epoch 2 - avg_train_loss: 0.09150  avg_val_loss: 0.08361  time: 8197s
Epoch 2 - train_score:0.88810  valid_score:0.89554
>>>>>>>> Model Improved From 0.8914718420326306 ----> 0.8955390777205828
Starting 3 epoch...
Epoch 3 - avg_train_loss: 0.08895  avg_val_loss: 0.08268  time: 8197s
Epoch 3 - train_score:0.89093  valid_score:0.89907
>>>>>>>> Model Improved From 0.8955390777205828 ----> 0.899070781507574
Starting fold 1 ...
Starting 1 epoch...
Epoch 1 - avg_train_loss: 0.09948  avg_val_loss: 0.08709  time: 8191s
Epoch 1 - train_score:0.88021  valid_score:0.89236
>>>>>>>> Model Improved From -inf ----> 0.8923563337175907
Starting 2 epoch...
Epoch 2 - avg_train_loss: 0.09137  avg_val_loss: 0.10931  time: 8189s
Epoch 2 - train_score:0.88799  valid_score:0.85039
Starting 3 epoch...
Epoch 3 - avg_train_loss: 0.08863  avg_val_loss: 0.08305  time: 8191s
Epoch 3 - train_score:0.89113  valid_score:0.89744
>>>>>>>> Model Improved From 0.8923563337175907 ----> 0.8974434145289932
Starting fold 2 ...
Starting 1 epoch...
Epoch 1 - avg_train_loss: 0.09903  avg_val_loss: 0.08763  time: 8201s
Epoch 1 - train_score:0.88059  valid_score:0.89394
>>>>>>>> Model Improved From -inf ----> 0.8939413630319435
Starting 2 epoch...
Epoch 2 - avg_train_loss: 0.09121  avg_val_loss: 0.08461  time: 8204s
Epoch 2 - train_score:0.88842  valid_score:0.89388
Starting 3 epoch...
Epoch 3 - avg_train_loss: 0.08856  avg_val_loss: 0.08341  time: 8205s
Epoch 3 - train_score:0.89147  valid_score:0.89642
>>>>>>>> Model Improved From 0.8939413630319435 ----> 0.8964233022750288
0.899072591400736
0.8974784322584094
0.8963506397410472
cv score 0.8976370087721665
IoU: 0.794429
