Starting fold 0 ...
Starting 1 epoch...
Starting fold 0 ...
Starting 1 epoch...
Starting fold 0 ...
Starting 1 epoch...
Starting fold 0 ...
Starting 1 epoch...
Starting fold 0 ...
Starting 1 epoch...
Epoch 1 - avg_train_loss: 0.38249  avg_val_loss: 0.37520  time: 1990s
Epoch 1 - train_score:0.80449  valid_score:0.80566
>>>>>>>> Model Improved From -inf ----> 0.8056643548150837
Starting 2 epoch...
Epoch 2 - avg_train_loss: 0.37748  avg_val_loss: 0.37400  time: 1990s
Epoch 2 - train_score:0.80627  valid_score:0.80569
>>>>>>>> Model Improved From 0.8056643548150837 ----> 0.8056898297636562
Starting 3 epoch...
Epoch 3 - avg_train_loss: 0.37589  avg_val_loss: 0.37221  time: 1990s
Epoch 3 - train_score:0.80655  valid_score:0.80569
Starting fold 1 ...
Starting 1 epoch...
Epoch 1 - avg_train_loss: 0.38233  avg_val_loss: 0.37459  time: 1991s
Epoch 1 - train_score:0.80498  valid_score:0.80554
>>>>>>>> Model Improved From -inf ----> 0.8055357415804759
Starting 2 epoch...
Epoch 2 - avg_train_loss: 0.37748  avg_val_loss: 0.37258  time: 1990s
Epoch 2 - train_score:0.80637  valid_score:0.80594
>>>>>>>> Model Improved From 0.8055357415804759 ----> 0.8059369745758395
Starting 3 epoch...
Epoch 3 - avg_train_loss: 0.37589  avg_val_loss: 0.37111  time: 1991s
Epoch 3 - train_score:0.80651  valid_score:0.80597
>>>>>>>> Model Improved From 0.8059369745758395 ----> 0.8059688184643603
Starting fold 2 ...
Starting 1 epoch...
Epoch 1 - avg_train_loss: 0.38341  avg_val_loss: 0.37400  time: 1986s
Epoch 1 - train_score:0.80332  valid_score:0.80731
>>>>>>>> Model Improved From -inf ----> 0.8073062617822387
Starting 2 epoch...
Epoch 2 - avg_train_loss: 0.37836  avg_val_loss: 0.37216  time: 1987s
Epoch 2 - train_score:0.80556  valid_score:0.80750
>>>>>>>> Model Improved From 0.8073062617822387 ----> 0.8075036938910685
Starting 3 epoch...
Epoch 3 - avg_train_loss: 0.37684  avg_val_loss: 0.37168  time: 1988s
Epoch 3 - train_score:0.80572  valid_score:0.80761
>>>>>>>> Model Improved From 0.8075036938910685 ----> 0.8076119631120395
0.07213504189701986
0.07276374328663675
0.07268571246273686
cv score 0.07216615363435748
IoU: 0.058603
